<?xml version="1.0" encoding="UTF-8"?>
<testsuite xmlns:xsi="http://www.w3.org/2001/XMLSchema-instance" xsi:noNamespaceSchemaLocation="https://maven.apache.org/surefire/maven-surefire-plugin/xsd/surefire-test-report.xsd" name="edu.eci.cvds.tdd.aerodescuentos.TarifasTest" time="0.074" tests="33" errors="0" skipped="0" failures="0">
  <properties>
    <property name="sun.desktop" value="windows"/>
    <property name="awt.toolkit" value="sun.awt.windows.WToolkit"/>
    <property name="file.encoding.pkg" value="sun.io"/>
    <property name="java.specification.version" value="1.8"/>
    <property name="sun.cpu.isalist" value="amd64"/>
    <property name="sun.jnu.encoding" value="Cp1252"/>
    <property name="java.class.path" value="C:\Users\Asus\Desktop\Escritorio\ECI\CVDS\Lab03\Lab03 Clone\Laboratorio-3-PBT-CVDS\ClasesEquivalencia\target\test-classes;C:\Users\Asus\Desktop\Escritorio\ECI\CVDS\Lab03\Lab03 Clone\Laboratorio-3-PBT-CVDS\ClasesEquivalencia\target\classes;C:\Users\Asus\.m2\repository\junit\junit\4.13\junit-4.13.jar;C:\Users\Asus\.m2\repository\org\hamcrest\hamcrest-core\1.3\hamcrest-core-1.3.jar;C:\Users\Asus\.m2\repository\edu\eci\cvds\aerodescuentos\1.0.0\aerodescuentos-1.0.0.jar;"/>
    <property name="java.vm.vendor" value="Oracle Corporation"/>
    <property name="sun.arch.data.model" value="64"/>
    <property name="user.variant" value=""/>
    <property name="java.vendor.url" value="http://java.oracle.com/"/>
    <property name="user.timezone" value="America/Bogota"/>
    <property name="java.vm.specification.version" value="1.8"/>
    <property name="os.name" value="Windows 10"/>
    <property name="user.country" value="MX"/>
    <property name="sun.java.launcher" value="SUN_STANDARD"/>
    <property name="sun.boot.library.path" value="C:\Program Files\Java\jdk1.8.0_241\jre\bin"/>
    <property name="sun.java.command" value="C:\Users\Asus\AppData\Local\Temp\surefire7682583211857364414\surefirebooter6259190441785888473.jar C:\Users\Asus\AppData\Local\Temp\surefire7682583211857364414 2020-08-28T21-25-33_066-jvmRun1 surefire5525477510258713941tmp surefire_09148290494387985629tmp"/>
    <property name="surefire.test.class.path" value="C:\Users\Asus\Desktop\Escritorio\ECI\CVDS\Lab03\Lab03 Clone\Laboratorio-3-PBT-CVDS\ClasesEquivalencia\target\test-classes;C:\Users\Asus\Desktop\Escritorio\ECI\CVDS\Lab03\Lab03 Clone\Laboratorio-3-PBT-CVDS\ClasesEquivalencia\target\classes;C:\Users\Asus\.m2\repository\junit\junit\4.13\junit-4.13.jar;C:\Users\Asus\.m2\repository\org\hamcrest\hamcrest-core\1.3\hamcrest-core-1.3.jar;C:\Users\Asus\.m2\repository\edu\eci\cvds\aerodescuentos\1.0.0\aerodescuentos-1.0.0.jar;"/>
    <property name="sun.cpu.endian" value="little"/>
    <property name="user.home" value="C:\Users\Asus"/>
    <property name="user.language" value="es"/>
    <property name="java.specification.vendor" value="Oracle Corporation"/>
    <property name="java.home" value="C:\Program Files\Java\jdk1.8.0_241\jre"/>
    <property name="basedir" value="C:\Users\Asus\Desktop\Escritorio\ECI\CVDS\Lab03\Lab03 Clone\Laboratorio-3-PBT-CVDS\ClasesEquivalencia"/>
    <property name="file.separator" value="\"/>
    <property name="line.separator" value="&#10;"/>
    <property name="java.vm.specification.vendor" value="Oracle Corporation"/>
    <property name="java.specification.name" value="Java Platform API Specification"/>
    <property name="java.awt.graphicsenv" value="sun.awt.Win32GraphicsEnvironment"/>
    <property name="surefire.real.class.path" value="C:\Users\Asus\AppData\Local\Temp\surefire7682583211857364414\surefirebooter6259190441785888473.jar"/>
    <property name="sun.boot.class.path" value="C:\Program Files\Java\jdk1.8.0_241\jre\lib\resources.jar;C:\Program Files\Java\jdk1.8.0_241\jre\lib\rt.jar;C:\Program Files\Java\jdk1.8.0_241\jre\lib\sunrsasign.jar;C:\Program Files\Java\jdk1.8.0_241\jre\lib\jsse.jar;C:\Program Files\Java\jdk1.8.0_241\jre\lib\jce.jar;C:\Program Files\Java\jdk1.8.0_241\jre\lib\charsets.jar;C:\Program Files\Java\jdk1.8.0_241\jre\lib\jfr.jar;C:\Program Files\Java\jdk1.8.0_241\jre\classes"/>
    <property name="user.script" value=""/>
    <property name="sun.management.compiler" value="HotSpot 64-Bit Tiered Compilers"/>
    <property name="java.runtime.version" value="1.8.0_241-b07"/>
    <property name="user.name" value="Asus"/>
    <property name="path.separator" value=";"/>
    <property name="os.version" value="10.0"/>
    <property name="java.endorsed.dirs" value="C:\Program Files\Java\jdk1.8.0_241\jre\lib\endorsed"/>
    <property name="java.runtime.name" value="Java(TM) SE Runtime Environment"/>
    <property name="file.encoding" value="Cp1252"/>
    <property name="java.vm.name" value="Java HotSpot(TM) 64-Bit Server VM"/>
    <property name="localRepository" value="C:\Users\Asus\.m2\repository"/>
    <property name="java.vendor.url.bug" value="http://bugreport.sun.com/bugreport/"/>
    <property name="java.io.tmpdir" value="C:\Users\Asus\AppData\Local\Temp\"/>
    <property name="java.version" value="1.8.0_241"/>
    <property name="user.dir" value="C:\Users\Asus\Desktop\Escritorio\ECI\CVDS\Lab03\Lab03 Clone\Laboratorio-3-PBT-CVDS\ClasesEquivalencia"/>
    <property name="os.arch" value="amd64"/>
    <property name="java.vm.specification.name" value="Java Virtual Machine Specification"/>
    <property name="java.awt.printerjob" value="sun.awt.windows.WPrinterJob"/>
    <property name="sun.os.patch.level" value=""/>
    <property name="java.library.path" value="C:\Program Files\Java\jdk1.8.0_241\jre\bin;C:\WINDOWS\Sun\Java\bin;C:\WINDOWS\system32;C:\WINDOWS;C:\Program Files (x86)\Common Files\Oracle\Java\javapath;C:\Program Files (x86)\Intel\iCLS Client\;C:\Program Files\Intel\iCLS Client\;C:\Windows\system32;C:\Windows;C:\Windows\System32\Wbem;C:\Windows\System32\WindowsPowerShell\v1.0\;C:\Program Files (x86)\NVIDIA Corporation\PhysX\Common;C:\Program Files (x86)\Intel\Intel(R) Management Engine Components\DAL;C:\Program Files\Intel\Intel(R) Management Engine Components\DAL;C:\Program Files (x86)\Intel\Intel(R) Management Engine Components\IPT;C:\Program Files\Intel\Intel(R) Management Engine Components\IPT;C:\Program Files\Intel\WiFi\bin\;C:\Program Files\Common Files\Intel\WirelessCommon\;C:\WINDOWS\system32;C:\WINDOWS;C:\WINDOWS\System32\Wbem;C:\WINDOWS\System32\WindowsPowerShell\v1.0\;C:\WINDOWS\System32\OpenSSH\;C:\Program Files\PuTTY\;C:\Program Files\Java\jdk1.8.0_241\bin;C:\Program Files\NVIDIA Corporation\NVIDIA NvDLISR;C:\Program Files\Git\cmd;C:\Program Files (x86)\Microsoft SQL Server\150\DTS\Binn\;C:\Program Files (x86)\Microsoft SQL Server\100\Tools\Binn\;C:\Program Files (x86)\Microsoft SQL Server\100\DTS\Binn\;C:\Users\Asus\Desktop\Escritorio\Esteban\apache-maven-3.6.3\bin;;C:\WINDOWS\system32;C:\WINDOWS;C:\WINDOWS\System32\Wbem;C:\WINDOWS\System32\WindowsPowerShell\v1.0\;C:\WINDOWS\System32\OpenSSH\;C:\Program Files\dotnet\;C:\Program Files (x86)\dotnet\;C:\Users\Asus\AppData\Local\Microsoft\WindowsApps;C:\Python36\Scripts;C:\Python36\;C:\Program Files\Java\jdk1.8.0_241\bin;;."/>
    <property name="java.vm.info" value="mixed mode"/>
    <property name="java.vendor" value="Oracle Corporation"/>
    <property name="java.vm.version" value="25.241-b07"/>
    <property name="java.ext.dirs" value="C:\Program Files\Java\jdk1.8.0_241\jre\lib\ext;C:\WINDOWS\Sun\Java\lib\ext"/>
    <property name="sun.io.unicode.encoding" value="UnicodeLittle"/>
    <property name="java.class.version" value="52.0"/>
  </properties>
  <testcase name="pruebaFronteraTarifa1" classname="edu.eci.cvds.tdd.aerodescuentos.TarifasTest" time="0.008"/>
  <testcase name="pruebaFronteraTarifa2" classname="edu.eci.cvds.tdd.aerodescuentos.TarifasTest" time="0"/>
  <testcase name="pruebaDiasAntelacion1" classname="edu.eci.cvds.tdd.aerodescuentos.TarifasTest" time="0"/>
  <testcase name="pruebaDiasAntelacion2" classname="edu.eci.cvds.tdd.aerodescuentos.TarifasTest" time="0"/>
  <testcase name="pruebaDiasAntelacion3" classname="edu.eci.cvds.tdd.aerodescuentos.TarifasTest" time="0"/>
  <testcase name="pruebaDiasAntelacion4" classname="edu.eci.cvds.tdd.aerodescuentos.TarifasTest" time="0"/>
  <testcase name="pruebaFronteraDiasAntelacion1" classname="edu.eci.cvds.tdd.aerodescuentos.TarifasTest" time="0"/>
  <testcase name="pruebaFronteraDiasAntelacion2" classname="edu.eci.cvds.tdd.aerodescuentos.TarifasTest" time="0"/>
  <testcase name="pruebaFronteraDiasAntelacion3" classname="edu.eci.cvds.tdd.aerodescuentos.TarifasTest" time="0"/>
  <testcase name="pruebaFronteraDiasAntelacion4" classname="edu.eci.cvds.tdd.aerodescuentos.TarifasTest" time="0"/>
  <testcase name="pruebaFronteraDiasAntelacion5" classname="edu.eci.cvds.tdd.aerodescuentos.TarifasTest" time="0"/>
  <testcase name="pruebaFronteraDiasAntelacion6" classname="edu.eci.cvds.tdd.aerodescuentos.TarifasTest" time="0"/>
  <testcase name="pruebaFronteraDiasAntelacion7" classname="edu.eci.cvds.tdd.aerodescuentos.TarifasTest" time="0"/>
  <testcase name="pruebaFronteraDiasAntelacion8" classname="edu.eci.cvds.tdd.aerodescuentos.TarifasTest" time="0"/>
  <testcase name="pruebaFronteraEdad1" classname="edu.eci.cvds.tdd.aerodescuentos.TarifasTest" time="0"/>
  <testcase name="pruebaFronteraEdad2" classname="edu.eci.cvds.tdd.aerodescuentos.TarifasTest" time="0"/>
  <testcase name="pruebaFronteraEdad3" classname="edu.eci.cvds.tdd.aerodescuentos.TarifasTest" time="0"/>
  <testcase name="pruebaFronteraEdad4" classname="edu.eci.cvds.tdd.aerodescuentos.TarifasTest" time="0"/>
  <testcase name="pruebaFronteraEdad5" classname="edu.eci.cvds.tdd.aerodescuentos.TarifasTest" time="0"/>
  <testcase name="pruebaFronteraEdad6" classname="edu.eci.cvds.tdd.aerodescuentos.TarifasTest" time="0"/>
  <testcase name="pruebaFronteraEdad7" classname="edu.eci.cvds.tdd.aerodescuentos.TarifasTest" time="0"/>
  <testcase name="pruebaFronteraEdad8" classname="edu.eci.cvds.tdd.aerodescuentos.TarifasTest" time="0"/>
  <testcase name="pruebaFronteraEdad9" classname="edu.eci.cvds.tdd.aerodescuentos.TarifasTest" time="0"/>
  <testcase name="pruebaFronteraEdad10" classname="edu.eci.cvds.tdd.aerodescuentos.TarifasTest" time="0"/>
  <testcase name="pruebaFronteraEdad11" classname="edu.eci.cvds.tdd.aerodescuentos.TarifasTest" time="0"/>
  <testcase name="pruebaFronteraEdad12" classname="edu.eci.cvds.tdd.aerodescuentos.TarifasTest" time="0"/>
  <testcase name="pruebaTarifa1" classname="edu.eci.cvds.tdd.aerodescuentos.TarifasTest" time="0.001"/>
  <testcase name="pruebaTarifa2" classname="edu.eci.cvds.tdd.aerodescuentos.TarifasTest" time="0.001"/>
  <testcase name="pruebasEdad1" classname="edu.eci.cvds.tdd.aerodescuentos.TarifasTest" time="0"/>
  <testcase name="pruebasEdad2" classname="edu.eci.cvds.tdd.aerodescuentos.TarifasTest" time="0"/>
  <testcase name="pruebasEdad3" classname="edu.eci.cvds.tdd.aerodescuentos.TarifasTest" time="0"/>
  <testcase name="pruebasEdad4" classname="edu.eci.cvds.tdd.aerodescuentos.TarifasTest" time="0"/>
  <testcase name="pruebasEdad5" classname="edu.eci.cvds.tdd.aerodescuentos.TarifasTest" time="0"/>
</testsuite>